[2021-03-09 21:19:10] Error: Argument 2 passed to lms\base\View::__construct() must be of the type string, null given, called in D:\Work\OS\OpenServer\domains\lms.loc\vendor\lms\core\base\Controller.php on line 43 | File: D:\Work\OS\OpenServer\domains\lms.loc\vendor\lms\core\base\View.php | String: 21
==============
[2021-03-09 21:19:11] Error: Argument 2 passed to lms\base\View::__construct() must be of the type string, null given, called in D:\Work\OS\OpenServer\domains\lms.loc\vendor\lms\core\base\Controller.php on line 43 | File: D:\Work\OS\OpenServer\domains\lms.loc\vendor\lms\core\base\View.php | String: 21
==============
[2021-03-09 21:19:11] Error: Argument 2 passed to lms\base\View::__construct() must be of the type string, null given, called in D:\Work\OS\OpenServer\domains\lms.loc\vendor\lms\core\base\Controller.php on line 43 | File: D:\Work\OS\OpenServer\domains\lms.loc\vendor\lms\core\base\View.php | String: 21
==============
[2021-03-09 21:19:12] Error: Argument 2 passed to lms\base\View::__construct() must be of the type string, null given, called in D:\Work\OS\OpenServer\domains\lms.loc\vendor\lms\core\base\Controller.php on line 43 | File: D:\Work\OS\OpenServer\domains\lms.loc\vendor\lms\core\base\View.php | String: 21
==============
[2021-03-09 21:19:53] Error: Argument 2 passed to lms\base\View::__construct() must be of the type string, null given, called in D:\Work\OS\OpenServer\domains\lms.loc\vendor\lms\core\base\Controller.php on line 43 | File: D:\Work\OS\OpenServer\domains\lms.loc\vendor\lms\core\base\View.php | String: 21
==============
[2021-03-09 21:19:54] Error: Argument 2 passed to lms\base\View::__construct() must be of the type string, null given, called in D:\Work\OS\OpenServer\domains\lms.loc\vendor\lms\core\base\Controller.php on line 43 | File: D:\Work\OS\OpenServer\domains\lms.loc\vendor\lms\core\base\View.php | String: 21
==============
[2021-03-09 21:20:42] Error: Argument 2 passed to lms\base\View::__construct() must be of the type string, null given, called in D:\Work\OS\OpenServer\domains\lms.loc\vendor\lms\core\base\Controller.php on line 45 | File: D:\Work\OS\OpenServer\domains\lms.loc\vendor\lms\core\base\View.php | String: 21
==============
[2021-03-09 21:20:42] Error: Argument 2 passed to lms\base\View::__construct() must be of the type string, null given, called in D:\Work\OS\OpenServer\domains\lms.loc\vendor\lms\core\base\Controller.php on line 45 | File: D:\Work\OS\OpenServer\domains\lms.loc\vendor\lms\core\base\View.php | String: 21
==============
[2021-03-09 21:20:43] Error: Argument 2 passed to lms\base\View::__construct() must be of the type string, null given, called in D:\Work\OS\OpenServer\domains\lms.loc\vendor\lms\core\base\Controller.php on line 45 | File: D:\Work\OS\OpenServer\domains\lms.loc\vendor\lms\core\base\View.php | String: 21
==============
[2021-03-09 21:20:57] Error: Argument 2 passed to lms\base\View::__construct() must be of the type string, null given, called in D:\Work\OS\OpenServer\domains\lms.loc\vendor\lms\core\base\Controller.php on line 45 | File: D:\Work\OS\OpenServer\domains\lms.loc\vendor\lms\core\base\View.php | String: 21
==============
[2021-03-09 21:20:58] Error: Argument 2 passed to lms\base\View::__construct() must be of the type string, null given, called in D:\Work\OS\OpenServer\domains\lms.loc\vendor\lms\core\base\Controller.php on line 45 | File: D:\Work\OS\OpenServer\domains\lms.loc\vendor\lms\core\base\View.php | String: 21
==============
[2021-03-11 15:59:00] Error: Call to undefined function Exception() | File: D:\Work\OS\OpenServer\domains\lms.loc\vendor\lms\core\base\View.php | String: 49
==============
[2021-03-11 16:00:05] Error: View not found | File: D:\Work\OS\OpenServer\domains\lms.loc\vendor\lms\core\base\View.php | String: 49
==============
[2021-03-11 16:00:31] Error: View D:\Work\OS\OpenServer\domains\lms.loc/app/views/Main/ index.php not found | File: D:\Work\OS\OpenServer\domains\lms.loc\vendor\lms\core\base\View.php | String: 49
==============
[2021-03-11 16:00:42] Error: View: D:\Work\OS\OpenServer\domains\lms.loc/app/views/Main/ index.php - not found | File: D:\Work\OS\OpenServer\domains\lms.loc\vendor\lms\core\base\View.php | String: 49
==============
[2021-03-11 16:02:20] Error: View: D:\Work\OS\OpenServer\domains\lms.loc/app/views/Main/ index.php - not found | File: D:\Work\OS\OpenServer\domains\lms.loc\vendor\lms\core\base\View.php | String: 49
==============
[2021-03-11 16:02:37] Error: Controller: app\controllers\AwdawController - does not exist | File: D:\Work\OS\OpenServer\domains\lms.loc\vendor\lms\core\Router.php | String: 61
==============
[2021-03-11 16:02:52] Error: View: D:\Work\OS\OpenServer\domains\lms.loc/app/views/Main/ index.php - not found | File: D:\Work\OS\OpenServer\domains\lms.loc\vendor\lms\core\base\View.php | String: 49
==============
[2021-03-11 16:05:30] Error: View: D:\Work\OS\OpenServer\domains\lms.loc/app/views/Main/ index.php - not found | File: D:\Work\OS\OpenServer\domains\lms.loc\vendor\lms\core\base\View.php | String: 49
==============
[2021-03-11 16:05:31] Error: View: D:\Work\OS\OpenServer\domains\lms.loc/app/views/Main/ index.php - not found | File: D:\Work\OS\OpenServer\domains\lms.loc\vendor\lms\core\base\View.php | String: 49
==============
[2021-03-11 16:05:31] Error: View: D:\Work\OS\OpenServer\domains\lms.loc/app/views/Main/ index.php - not found | File: D:\Work\OS\OpenServer\domains\lms.loc\vendor\lms\core\base\View.php | String: 49
==============
[2021-03-11 16:05:31] Error: View: D:\Work\OS\OpenServer\domains\lms.loc/app/views/Main/ index.php - not found | File: D:\Work\OS\OpenServer\domains\lms.loc\vendor\lms\core\base\View.php | String: 49
==============
[2021-03-11 16:05:31] Error: View: D:\Work\OS\OpenServer\domains\lms.loc/app/views/Main/ index.php - not found | File: D:\Work\OS\OpenServer\domains\lms.loc\vendor\lms\core\base\View.php | String: 49
==============
[2021-03-11 16:05:32] Error: View: D:\Work\OS\OpenServer\domains\lms.loc/app/views/Main/ index.php - not found | File: D:\Work\OS\OpenServer\domains\lms.loc\vendor\lms\core\base\View.php | String: 49
==============
[2021-03-11 16:05:36] Error: View: D:\Work\OS\OpenServer\domains\lms.loc/app/views/Main/ index.php - not found | File: D:\Work\OS\OpenServer\domains\lms.loc\vendor\lms\core\base\View.php | String: 49
==============
[2021-03-11 16:05:36] Error: View: D:\Work\OS\OpenServer\domains\lms.loc/app/views/Main/ index.php - not found | File: D:\Work\OS\OpenServer\domains\lms.loc\vendor\lms\core\base\View.php | String: 49
==============
[2021-03-11 16:05:36] Error: View: D:\Work\OS\OpenServer\domains\lms.loc/app/views/Main/ index.php - not found | File: D:\Work\OS\OpenServer\domains\lms.loc\vendor\lms\core\base\View.php | String: 49
==============
[2021-03-11 16:05:36] Error: View: D:\Work\OS\OpenServer\domains\lms.loc/app/views/Main/ index.php - not found | File: D:\Work\OS\OpenServer\domains\lms.loc\vendor\lms\core\base\View.php | String: 49
==============
[2021-03-11 16:05:36] Error: View: D:\Work\OS\OpenServer\domains\lms.loc/app/views/Main/ index.php - not found | File: D:\Work\OS\OpenServer\domains\lms.loc\vendor\lms\core\base\View.php | String: 49
==============
[2021-03-11 16:05:37] Error: View: D:\Work\OS\OpenServer\domains\lms.loc/app/views/Main/ index.php - not found | File: D:\Work\OS\OpenServer\domains\lms.loc\vendor\lms\core\base\View.php | String: 49
==============
[2021-03-11 16:07:28] Error: View: D:\Work\OS\OpenServer\domains\lms.loc/app/views/Main/ index.php - not found | File: D:\Work\OS\OpenServer\domains\lms.loc\vendor\lms\core\base\View.php | String: 49
==============
[2021-03-11 16:07:53] Error: View: D:\Work\OS\OpenServer\domains\lms.loc/app/views/Main/ index.php - not found | File: D:\Work\OS\OpenServer\domains\lms.loc\vendor\lms\core\base\View.php | String: 49
==============
[2021-03-11 16:08:01] Error: View: D:\Work\OS\OpenServer\domains\lms.loc/app/views/Main/ index.php - not found | File: D:\Work\OS\OpenServer\domains\lms.loc\vendor\lms\core\base\View.php | String: 49
==============
[2021-03-11 16:08:07] Error: View: D:\Work\OS\OpenServer\domains\lms.loc/app/views/Main/ index.php - not found | File: D:\Work\OS\OpenServer\domains\lms.loc\vendor\lms\core\base\View.php | String: 49
==============
[2021-03-11 16:08:07] Error: View: D:\Work\OS\OpenServer\domains\lms.loc/app/views/Main/ index.php - not found | File: D:\Work\OS\OpenServer\domains\lms.loc\vendor\lms\core\base\View.php | String: 49
==============
[2021-03-11 16:39:34] Error: Template: default - not found | File: D:\Work\OS\OpenServer\domains\lms.loc\vendor\lms\core\base\View.php | String: 67
==============
[2021-03-11 16:50:22] Error: Call to undefined function getMeta() | File: D:\Work\OS\OpenServer\domains\lms.loc\app\views\templates\default.php | String: 8
==============
[2021-03-11 17:08:00] Error: Call to undefined function getMeta() | File: D:\Work\OS\OpenServer\domains\lms.loc\app\views\templates\default.php | String: 8
==============
[2021-03-11 17:09:57] Error: Call to undefined function getMeta() | File: D:\Work\OS\OpenServer\domains\lms.loc\app\views\templates\default.php | String: 8
==============
[2021-03-11 17:09:58] Error: Call to undefined function getMeta() | File: D:\Work\OS\OpenServer\domains\lms.loc\app\views\templates\default.php | String: 8
==============
[2021-03-11 17:09:58] Error: Call to undefined function getMeta() | File: D:\Work\OS\OpenServer\domains\lms.loc\app\views\templates\default.php | String: 8
==============
[2021-03-11 17:09:59] Error: Call to undefined function getMeta() | File: D:\Work\OS\OpenServer\domains\lms.loc\app\views\templates\default.php | String: 8
==============
[2021-03-11 17:09:59] Error: Call to undefined function getMeta() | File: D:\Work\OS\OpenServer\domains\lms.loc\app\views\templates\default.php | String: 8
==============
[2021-03-11 17:09:59] Error: Call to undefined function getMeta() | File: D:\Work\OS\OpenServer\domains\lms.loc\app\views\templates\default.php | String: 8
==============
[2021-03-11 17:10:00] Error: Call to undefined function getMeta() | File: D:\Work\OS\OpenServer\domains\lms.loc\app\views\templates\default.php | String: 8
==============
[2021-03-11 19:31:53] Error: Controller: app\controllers\AwdawController - does not exist | File: D:\Work\OS\OpenServer\domains\lms.loc\vendor\lms\core\Router.php | String: 68
==============
[2021-03-11 19:32:11] Error: Controller: app\controllers\AwdawController - does not exist | File: D:\Work\OS\OpenServer\domains\lms.loc\vendor\lms\core\Router.php | String: 68
==============
[2021-03-11 19:33:08] Error: Controller: app\controllers\AwdawController - does not exist | File: D:\Work\OS\OpenServer\domains\lms.loc\vendor\lms\core\Router.php | String: 68
==============
[2021-03-11 19:33:09] Error: Controller: app\controllers\AwdawController - does not exist | File: D:\Work\OS\OpenServer\domains\lms.loc\vendor\lms\core\Router.php | String: 68
==============
[2021-03-11 19:33:10] Error: Controller: app\controllers\AwdawController - does not exist | File: D:\Work\OS\OpenServer\domains\lms.loc\vendor\lms\core\Router.php | String: 68
==============
[2021-03-11 19:33:10] Error: Controller: app\controllers\AwdawController - does not exist | File: D:\Work\OS\OpenServer\domains\lms.loc\vendor\lms\core\Router.php | String: 68
==============
[2021-03-11 19:33:11] Error: Controller: app\controllers\AwdawController - does not exist | File: D:\Work\OS\OpenServer\domains\lms.loc\vendor\lms\core\Router.php | String: 68
==============
[2021-03-11 19:37:42] Error: Cannot instantiate abstract class lms\base\View | File: D:\Work\OS\OpenServer\domains\lms.loc\vendor\lms\core\base\Controller.php | String: 48
==============
[2021-03-11 19:38:09] Error: Call to undefined function lms\base\View() | File: D:\Work\OS\OpenServer\domains\lms.loc\vendor\lms\core\base\Controller.php | String: 48
==============
[2021-03-11 19:39:34] Error: Call to undefined function lms\base\View() | File: D:\Work\OS\OpenServer\domains\lms.loc\vendor\lms\core\base\Controller.php | String: 48
==============
[2021-03-11 20:26:22] Error: Class 'R' not found | File: D:\Work\OS\OpenServer\domains\lms.loc\vendor\lms\core\Db.php | String: 15
==============
[2021-03-11 20:29:24] Error: Class 'lms\R' not found | File: D:\Work\OS\OpenServer\domains\lms.loc\vendor\lms\core\Db.php | String: 15
==============
[2021-03-11 20:29:25] Error: Class 'lms\R' not found | File: D:\Work\OS\OpenServer\domains\lms.loc\vendor\lms\core\Db.php | String: 15
==============
[2021-03-11 20:29:26] Error: Class 'lms\R' not found | File: D:\Work\OS\OpenServer\domains\lms.loc\vendor\lms\core\Db.php | String: 15
==============
[2021-03-11 20:29:35] Error: syntax error, unexpected '\' (T_NS_SEPARATOR), expecting identifier (T_STRING) | File: D:\Work\OS\OpenServer\domains\lms.loc\vendor\lms\core\Db.php | String: 15
==============
[2021-03-11 20:29:41] Error: Class 'R' not found | File: D:\Work\OS\OpenServer\domains\lms.loc\vendor\lms\core\Db.php | String: 15
==============
[2021-03-11 20:29:42] Error: Class 'R' not found | File: D:\Work\OS\OpenServer\domains\lms.loc\vendor\lms\core\Db.php | String: 15
==============
[2021-03-11 20:29:43] Error: Class 'R' not found | File: D:\Work\OS\OpenServer\domains\lms.loc\vendor\lms\core\Db.php | String: 15
==============
[2021-03-11 20:35:26] Error: syntax error, unexpected ';' | File: D:\Work\OS\OpenServer\domains\lms.loc\vendor\lms\core\Db.php | String: 17
==============
